14:38:40 **** Incremental Build of configuration Nios II for project D8M_Camera_Test ****
make all 
Info: Building ../D8M_Camera_Test_bsp/
C:/intelFPGA_lite/18.0/nios2eds/bin/gnu/H-x86_64-mingw32/bin/make --no-print-directory -C ../D8M_Camera_Test_bsp/
[BSP build complete]
[D8M_Camera_Test build complete]
18:03:52 **** Build of configuration Nios II for project D8M_Camera_Test ****
make all 
Info: Building ../D8M_Camera_Test_bsp/
C:/intelFPGA_lite/18.0/nios2eds/bin/gnu/H-x86_64-mingw32/bin/make --no-print-directory -C ../D8M_Camera_Test_bsp/
[BSP build complete]
[D8M_Camera_Test build complete]
18:04:00 **** Incremental Build of configuration Nios II for project D8M_Camera_Test ****
make all 
Info: Building ../D8M_Camera_Test_bsp/
C:/intelFPGA_lite/18.0/nios2eds/bin/gnu/H-x86_64-mingw32/bin/make --no-print-directory -C ../D8M_Camera_Test_bsp/
[BSP build complete]
[D8M_Camera_Test build complete]
18:06:55 **** Build of configuration Nios II for project D8M_Camera_Test ****
make all 
Info: Building ../D8M_Camera_Test_bsp/
C:/intelFPGA_lite/18.0/nios2eds/bin/gnu/H-x86_64-mingw32/bin/make --no-print-directory -C ../D8M_Camera_Test_bsp/
[BSP build complete]
[D8M_Camera_Test build complete]
18:06:59 **** Incremental Build of configuration Nios II for project D8M_Camera_Test ****
make all 
Info: Building ../D8M_Camera_Test_bsp/
C:/intelFPGA_lite/18.0/nios2eds/bin/gnu/H-x86_64-mingw32/bin/make --no-print-directory -C ../D8M_Camera_Test_bsp/
[BSP build complete]
[D8M_Camera_Test build complete]
18:10:26 **** Build of configuration Nios II for project D8M_Camera_Test ****
make all 
Info: Building ../D8M_Camera_Test_bsp/
C:/intelFPGA_lite/18.0/nios2eds/bin/gnu/H-x86_64-mingw32/bin/make --no-print-directory -C ../D8M_Camera_Test_bsp/
[BSP build complete]
[D8M_Camera_Test build complete]
18:10:30 **** Incremental Build of configuration Nios II for project D8M_Camera_Test ****
make all 
Info: Building ../D8M_Camera_Test_bsp/
C:/intelFPGA_lite/18.0/nios2eds/bin/gnu/H-x86_64-mingw32/bin/make --no-print-directory -C ../D8M_Camera_Test_bsp/
[BSP build complete]
[D8M_Camera_Test build complete]
18:14:26 **** Build of configuration Nios II for project D8M_Camera_Test ****
make all 
Info: Building ../D8M_Camera_Test_bsp/
C:/intelFPGA_lite/18.0/nios2eds/bin/gnu/H-x86_64-mingw32/bin/make --no-print-directory -C ../D8M_Camera_Test_bsp/
[BSP build complete]
[D8M_Camera_Test build complete]
18:14:30 **** Incremental Build of configuration Nios II for project D8M_Camera_Test ****
make all 
Info: Building ../D8M_Camera_Test_bsp/
C:/intelFPGA_lite/18.0/nios2eds/bin/gnu/H-x86_64-mingw32/bin/make --no-print-directory -C ../D8M_Camera_Test_bsp/
[BSP build complete]
[D8M_Camera_Test build complete]
18:29:58 **** Build of configuration Nios II for project D8M_Camera_Test ****
make all 
Info: Building ../D8M_Camera_Test_bsp/
C:/intelFPGA_lite/18.0/nios2eds/bin/gnu/H-x86_64-mingw32/bin/make --no-print-directory -C ../D8M_Camera_Test_bsp/
[BSP build complete]
[D8M_Camera_Test build complete]
18:30:02 **** Incremental Build of configuration Nios II for project D8M_Camera_Test ****
make all 
Info: Building ../D8M_Camera_Test_bsp/
C:/intelFPGA_lite/18.0/nios2eds/bin/gnu/H-x86_64-mingw32/bin/make --no-print-directory -C ../D8M_Camera_Test_bsp/
[BSP build complete]
[D8M_Camera_Test build complete]
18:41:24 **** Build of configuration Nios II for project D8M_Camera_Test ****
make all 
Info: Building ../D8M_Camera_Test_bsp/
C:/intelFPGA_lite/18.0/nios2eds/bin/gnu/H-x86_64-mingw32/bin/make --no-print-directory -C ../D8M_Camera_Test_bsp/
[BSP build complete]
[D8M_Camera_Test build complete]
18:41:28 **** Incremental Build of configuration Nios II for project D8M_Camera_Test ****
make all 
Info: Building ../D8M_Camera_Test_bsp/
C:/intelFPGA_lite/18.0/nios2eds/bin/gnu/H-x86_64-mingw32/bin/make --no-print-directory -C ../D8M_Camera_Test_bsp/
[BSP build complete]
[D8M_Camera_Test build complete]
